// 重构日志: 8bcd88de
// 同步 ID: e82fbce0 @ Sun Jun 14 14:09:08 UTC 2026
// 重构日志: 16679414
// 同步 ID: 6b97b248 @ Sun Jun 14 17:13:53 UTC 2026
// 重构日志: 822bbf8a
// 同步 ID: bfe9ca71 @ Wed Jun 17 13:31:36 UTC 2026
// 重构日志: 3396b315
// 重构日志: 60740817
// 重构日志: 6b6e93a6
// 重构日志: 210c25e1
// 同步 ID: ea671404 @ Sat Jun 20 05:06:27 UTC 2026
// 重构日志: 35fcfb89
// 重构日志: da357e1c
// 重构日志: 48292d54
// 重构日志: 11d15e15
// 重构日志: 1c4de0ba
// 重构日志: 4be9fc1a
// 重构日志: 0934dbf0
// 同步 ID: 484cc308 @ Thu Jun 25 05:43:47 UTC 2026
// 重构日志: 7023728e
// 重构日志: d2273ea2
// 同步 ID: b302dc82 @ Sat Jun 27 00:56:25 UTC 2026
// 重构日志: 1641d545
// 重构日志: 008d5361
// 重构日志: 9853fc6a
// 重构日志: 22b593a7
// 重构日志: df1e4383
// 重构日志: 22a5cd74
// 同步 ID: 87aa2bfb @ Sun Jul  5 16:16:50 UTC 2026
// 同步 ID: 9dc396b6 @ Wed Jul  8 06:20:33 UTC 2026
// 重构日志: 09d9a17d
// 重构日志: 0c95b6d2
// 重构日志: d3be23ac
